<?xml version="1.0" encoding="UTF-8"?>
<!-- Generated by org.testng.reporters.JUnitXMLReporter -->
<testsuite ignored="0" hostname="MANGESH" failures="0" tests="5" name="Default test" time="0.101" errors="0" timestamp="2022-07-09T15:34:41 IST">
  <testcase classname="testPackage.TestClassA" name="test2" time="0.007"/>
  <testcase classname="testPackage.TestClassA" name="test3" time="0.002"/>
  <testcase classname="testPackage.TestClassA" name="test1" time="0.002"/>
  <testcase classname="testPackage.TestClassA" name="test1" time="0.002"/>
  <testcase classname="testPackage.TestClassA" name="test4" time="0.002"/>
</testsuite> <!-- Default test -->
